{
  level: 'info',
  message: 'Daemon Server Started',
  timestamp: '2021-01-29T19:56:21.927Z'
}
{
  level: 'info',
  message: 'Daemon Server Started',
  timestamp: '2021-01-29T19:58:07.157Z'
}
{
  level: 'info',
  message: 'Daemon Server Started',
  timestamp: '2021-01-29T20:01:05.602Z'
}
{
  level: 'info',
  message: 'Daemon Server Started',
  timestamp: '2021-01-29T20:07:16.945Z'
}
{
  level: 'info',
  message: 'Daemon Server Started',
  timestamp: '2021-01-29T20:11:09.177Z'
}
{
  level: 'info',
  message: 'Daemon Server Started',
  timestamp: '2021-01-29T20:13:30.847Z'
}
{
  level: 'info',
  message: 'Daemon Server Started',
  timestamp: '2021-01-29T20:16:54.968Z'
}
{
  level: 'info',
  message: 'Daemon Server Started',
  timestamp: '2021-01-29T20:18:06.832Z'
}
{
  level: 'info',
  message: 'Daemon Server Started',
  timestamp: '2021-01-29T20:19:18.045Z'
}
{
  level: 'info',
  message: 'Daemon Server Started',
  timestamp: '2021-01-29T20:39:33.183Z'
}
{
  level: 'info',
  message: 'Daemon Server Started',
  timestamp: '2021-01-29T20:42:50.305Z'
}
{
  level: 'info',
  message: 'Daemon Server Started',
  timestamp: '2021-01-29T20:44:39.689Z'
}
{
  level: 'info',
  message: 'Daemon Server Started',
  timestamp: '2021-01-29T21:01:16.606Z'
}
{
  level: 'info',
  message: 'Daemon Server Started',
  timestamp: '2021-01-29T21:02:36.370Z'
}
{
  level: 'info',
  message: 'Daemon Server Started',
  timestamp: '2021-01-29T21:03:54.363Z'
}
