{
  level: 'info',
  message: 'Daemon Server Started',
  timestamp: '2021-01-13T06:40:26.891Z'
}
{
  level: 'info',
  message: 'Daemon Server Started',
  timestamp: '2021-01-13T06:40:50.252Z'
}
{
  level: 'info',
  message: 'Daemon Server Started',
  timestamp: '2021-01-13T07:26:02.489Z'
}
{
  level: 'info',
  message: 'Daemon Server Started',
  timestamp: '2021-01-13T07:34:05.738Z'
}
{
  level: 'info',
  message: 'Daemon Server Started',
  timestamp: '2021-01-13T07:46:19.702Z'
}
{
  level: 'info',
  message: 'Daemon Server Started',
  timestamp: '2021-01-13T08:25:58.785Z'
}
{
  level: 'info',
  message: 'Daemon Server Started',
  timestamp: '2021-01-13T09:02:40.639Z'
}
{
  level: 'info',
  message: 'Daemon Server Started',
  timestamp: '2021-01-13T09:10:59.104Z'
}
{
  level: 'info',
  message: 'Daemon Server Started',
  timestamp: '2021-01-13T09:11:03.287Z'
}
{
  level: 'info',
  message: 'Daemon Server Started',
  timestamp: '2021-01-13T09:14:01.296Z'
}
{
  level: 'info',
  message: 'Daemon Server Started',
  timestamp: '2021-01-13T09:30:23.758Z'
}
{
  level: 'info',
  message: 'Daemon Server Started',
  timestamp: '2021-01-13T09:31:39.878Z'
}
{
  level: 'info',
  message: 'Daemon Server Started',
  timestamp: '2021-01-13T09:34:58.820Z'
}
{
  level: 'info',
  message: 'Daemon Server Started',
  timestamp: '2021-01-13T09:55:43.010Z'
}
{
  level: 'info',
  message: 'Daemon Server Started',
  timestamp: '2021-01-13T10:00:11.756Z'
}
{
  level: 'info',
  message: 'Daemon Server Started',
  timestamp: '2021-01-13T10:06:23.094Z'
}
{
  level: 'info',
  message: 'Daemon Server Started',
  timestamp: '2021-01-13T10:07:40.066Z'
}
{
  level: 'info',
  message: 'Daemon Server Started',
  timestamp: '2021-01-13T10:12:09.390Z'
}
{
  level: 'info',
  message: 'Daemon Server Started',
  timestamp: '2021-01-13T10:28:28.295Z'
}
{
  level: 'info',
  message: 'Daemon Server Started',
  timestamp: '2021-01-13T10:35:50.081Z'
}
{
  level: 'info',
  message: 'Daemon Server Started',
  timestamp: '2021-01-13T10:54:57.384Z'
}
{
  level: 'info',
  message: 'Daemon Server Started',
  timestamp: '2021-01-13T10:59:21.014Z'
}
{
  level: 'info',
  message: 'Daemon Server Started',
  timestamp: '2021-01-13T11:17:44.826Z'
}
