{
  level: 'info',
  message: 'Daemon Server Started',
  timestamp: '2021-02-10T07:08:05.276Z'
}
{
  level: 'info',
  message: 'Daemon Server Started',
  timestamp: '2021-02-10T13:02:21.986Z'
}
{
  level: 'info',
  message: 'Daemon Server Started',
  timestamp: '2021-02-10T13:47:41.867Z'
}
{
  level: 'info',
  message: 'Daemon Server Started',
  timestamp: '2021-02-10T15:51:27.276Z'
}
{
  level: 'info',
  message: 'Daemon Server Started',
  timestamp: '2021-02-10T16:11:01.795Z'
}
{
  level: 'info',
  message: 'Daemon Server Started',
  timestamp: '2021-02-10T17:41:18.420Z'
}
