{
  level: 'info',
  message: 'Daemon Server Started',
  timestamp: '2021-02-08T12:53:18.345Z'
}
{
  level: 'info',
  message: 'Daemon Server Started',
  timestamp: '2021-02-08T13:03:33.506Z'
}
{
  level: 'info',
  message: 'Daemon Server Started',
  timestamp: '2021-02-08T15:33:29.299Z'
}
{
  level: 'info',
  message: 'Daemon Server Started',
  timestamp: '2021-02-08T16:32:42.772Z'
}
{
  level: 'info',
  message: 'Daemon Server Started',
  timestamp: '2021-02-08T16:33:30.045Z'
}
{
  level: 'info',
  message: 'Daemon Server Started',
  timestamp: '2021-02-08T16:56:00.501Z'
}
