{
  level: 'info',
  message: 'Daemon Server Started',
  timestamp: '2021-01-30T00:02:37.434Z'
}
{
  level: 'info',
  message: 'Daemon Server Started',
  timestamp: '2021-01-30T10:20:33.157Z'
}
{
  level: 'info',
  message: 'Daemon Server Started',
  timestamp: '2021-01-30T10:25:26.378Z'
}
{
  level: 'info',
  message: 'Daemon Server Started',
  timestamp: '2021-01-30T11:02:21.673Z'
}
{
  level: 'info',
  message: 'Daemon Server Started',
  timestamp: '2021-01-30T11:17:16.545Z'
}
{
  level: 'info',
  message: 'Daemon Server Started',
  timestamp: '2021-01-30T12:21:39.342Z'
}
{
  level: 'info',
  message: 'Daemon Server Started',
  timestamp: '2021-01-30T15:07:37.041Z'
}
{
  level: 'info',
  message: 'Daemon Server Started',
  timestamp: '2021-01-30T16:07:32.448Z'
}
{
  level: 'info',
  message: 'Daemon Server Started',
  timestamp: '2021-01-30T16:47:19.763Z'
}
{
  level: 'info',
  message: 'Daemon Server Started',
  timestamp: '2021-01-30T17:05:03.041Z'
}
{
  level: 'info',
  message: 'Daemon Server Started',
  timestamp: '2021-01-30T17:46:35.568Z'
}
